<?xml version="1.0" encoding="UTF-8"?>
<!-- Generated by org.testng.reporters.JUnitReportReporter -->
<testsuite skipped="0" hostname="Fahim-PC" name="project.vtiger.home.ExtentReportClass" tests="1" failures="0" timestamp="16 Jan 2019 11:44:48 GMT" time="5.114" errors="0">
  <testcase name="startTest" time="5.114" classname="project.vtiger.home.ExtentReportClass"/>
</testsuite> <!-- project.vtiger.home.ExtentReportClass -->
